nx, ny, nz =  6 2 2
ncx, ncy, ncz =  5 1 1
dx, dy, dz =  0.25 1.0 1.0
bbox xmin, xmax =  -0.125 1.125
bbox ymin, ymax =  0.0 1.0
bbox zmin, zmax =  0.0 1.0
bbox Lx, Ly, Lz =  1.25 1.0 1.0

----------------------------
Begin iter =  1
----------------------------
it_nl, it, tot_it, norm2, init, max, rel  1 4 4 0.017082856361966145 0.23717082451262844 0.23717082451262844 0.07202764672708109
it, walltime, l2_t/l2_max_t  1 0.008638703000087844 1.0

----------------------------
Final iter = 5
it, l2_t/l2_max_t 5 2.4476583e-07
----------------------------
it, walltime, l2_t/l2_max_t  5 0.01298310499987565 2.4476583e-07
Check Pe_L  0.0
Check conv_scheme  1
elapsed time:  0.014467361000015444
 
